c:\users\eujain\documents\workspace\bwai\skynet\skynet\debug\vc140.pdb
c:\users\eujain\documents\workspace\bwai\skynet\skynet\debug\vc140.idb
c:\users\eujain\documents\workspace\bwai\skynet\skynet\debug\unitfilter.obj
c:\users\eujain\documents\workspace\bwai\skynet\skynet\debug\walkpositionpath.obj
c:\users\eujain\documents\workspace\bwai\skynet\skynet\debug\mineblockingmineraltask.obj
c:\users\eujain\documents\workspace\bwai\skynet\skynet\debug\requirementgroup.obj
c:\users\eujain\documents\workspace\bwai\skynet\skynet\debug\idletask.obj
c:\users\eujain\documents\workspace\bwai\skynet\skynet\debug\latencytracker.obj
c:\users\eujain\documents\workspace\bwai\skynet\skynet\debug\taskpump.obj
c:\users\eujain\documents\workspace\bwai\skynet\skynet\debug\traininterceptoraction.obj
c:\users\eujain\documents\workspace\bwai\skynet\skynet\debug\trainscarabaction.obj
c:\users\eujain\documents\workspace\bwai\skynet\skynet\debug\unitinformation.obj
c:\users\eujain\documents\workspace\bwai\skynet\skynet\debug\minedragaction.obj
c:\users\eujain\documents\workspace\bwai\skynet\skynet\debug\observerscouttask.obj
c:\users\eujain\documents\workspace\bwai\skynet\skynet\debug\playertracker.obj
c:\users\eujain\documents\workspace\bwai\skynet\skynet\debug\resourcetracker.obj
c:\users\eujain\documents\workspace\bwai\skynet\skynet\debug\detectoraction.obj
c:\users\eujain\documents\workspace\bwai\skynet\skynet\debug\dropaction.obj
c:\users\eujain\documents\workspace\bwai\skynet\skynet\debug\gathertask.obj
c:\users\eujain\documents\workspace\bwai\skynet\skynet\debug\goal.obj
c:\users\eujain\documents\workspace\bwai\skynet\skynet\debug\goalaction.obj
c:\users\eujain\documents\workspace\bwai\skynet\skynet\debug\advancedgroup.obj
c:\users\eujain\documents\workspace\bwai\skynet\skynet\debug\arbiteraction.obj
c:\users\eujain\documents\workspace\bwai\skynet\skynet\debug\basetracker.obj
c:\users\eujain\documents\workspace\bwai\skynet\skynet\debug\behaviour.obj
c:\users\eujain\documents\workspace\bwai\skynet\skynet\debug\borderposition.obj
c:\users\eujain\documents\workspace\bwai\skynet\skynet\debug\workerscouttask.obj
c:\users\eujain\documents\workspace\bwai\skynet\skynet\debug\skynet.tlog\cl.command.1.tlog
c:\users\eujain\documents\workspace\bwai\skynet\skynet\debug\skynet.tlog\cl.read.1.tlog
c:\users\eujain\documents\workspace\bwai\skynet\skynet\debug\skynet.tlog\cl.write.1.tlog
